[23-Nov-2022 11:42:52 Asia/Jakarta] ERROR:  duplicate key value violates unique constraint "m_prd_operator_pkey"
DETAIL:  Key (empid)=() already exists.
[23-Nov-2022 11:49:08 Asia/Jakarta] ERROR:  duplicate key value violates unique constraint "m_prd_operator_pkey"
DETAIL:  Key (empid)=() already exists.
[23-Nov-2022 11:50:46 Asia/Jakarta] ERROR:  duplicate key value violates unique constraint "m_prd_operator_pkey"
DETAIL:  Key (empid)=() already exists.
[23-Nov-2022 12:51:43 Asia/Jakarta] ERROR:  duplicate key value violates unique constraint "m_prd_operator_pkey"
DETAIL:  Key (empid)=(1007) already exists.
[23-Nov-2022 13:10:16 Asia/Jakarta] ERROR:  duplicate key value violates unique constraint "m_prd_operator_pkey"
DETAIL:  Key (empid)=() already exists.
[23-Nov-2022 13:11:43 Asia/Jakarta] ERROR:  duplicate key value violates unique constraint "m_prd_operator_pkey"
DETAIL:  Key (empid)=() already exists.
[24-Nov-2022 13:51:20 Asia/Jakarta] PHP Fatal error:  Cannot redeclare Production::insert() in C:\xampp\htdocs\aisin_prd\classes\Production.php on line 26
[24-Nov-2022 13:51:21 Asia/Jakarta] PHP Fatal error:  Cannot redeclare Production::insert() in C:\xampp\htdocs\aisin_prd\classes\Production.php on line 26
[24-Nov-2022 13:51:22 Asia/Jakarta] PHP Fatal error:  Cannot redeclare Production::insert() in C:\xampp\htdocs\aisin_prd\classes\Production.php on line 26
[24-Nov-2022 14:56:16 Asia/Jakarta] PHP Parse error:  syntax error, unexpected '}' in C:\xampp\htdocs\1DEV\AISIN\aisin_prd\classes\Production.php on line 29
[24-Nov-2022 14:56:17 Asia/Jakarta] PHP Parse error:  syntax error, unexpected '}' in C:\xampp\htdocs\1DEV\AISIN\aisin_prd\classes\Production.php on line 29
[21-Feb-2023 15:07:57 Asia/Jakarta] SQLSTATE[08001]: [Microsoft][ODBC Driver 17 for SQL Server]TCP Provider: The wait operation timed out.

[21-Feb-2023 15:09:44 Asia/Jakarta] ERROR:  duplicate key value violates unique constraint "m_io_cust_pkey"
DETAIL:  Key (lifnr)=(7A00016) already exists.
[10-Mar-2023 18:18:11 Asia/Jakarta] ERROR:  duplicate key value violates unique constraint "m_io_cust_pkey"
DETAIL:  Key (lifnr)=(7A00016) already exists.
[10-Mar-2023 18:18:13 Asia/Jakarta] ERROR:  duplicate key value violates unique constraint "m_io_mara_pkey"
DETAIL:  Key (matnr)=(243202-10710) already exists.
[13-Mar-2023 10:07:01 Asia/Jakarta] ERROR:  duplicate key value violates unique constraint "m_io_cust_pkey"
DETAIL:  Key (lifnr)=(7A00026) already exists.
[13-Mar-2023 10:09:22 Asia/Jakarta] ERROR:  duplicate key value violates unique constraint "m_io_cust_pkey"
DETAIL:  Key (lifnr)=(7A00003) already exists.
[13-Mar-2023 11:47:58 Asia/Jakarta] ERROR:  duplicate key value violates unique constraint "m_io_kanban_rfid_pkey"
DETAIL:  Key (rfid_tag)=(00000000000D403501120108) already exists.
[12-May-2023 17:03:50 Asia/Jakarta] SQLSTATE[08001]: [Microsoft][ODBC Driver 17 for SQL Server]TCP Provider: The wait operation timed out.

[12-May-2023 17:07:28 Asia/Jakarta] SQLSTATE[28000]: [Microsoft][ODBC Driver 17 for SQL Server][SQL Server]Login failed for user 'root'.
[12-May-2023 17:08:03 Asia/Jakarta] SQLSTATE[28000]: [Microsoft][ODBC Driver 17 for SQL Server][SQL Server]Login failed for user 'SA'.
[12-May-2023 17:08:16 Asia/Jakarta] SQLSTATE[28000]: [Microsoft][ODBC Driver 17 for SQL Server][SQL Server]Login failed for user 'SA'.
[12-May-2023 17:08:33 Asia/Jakarta] SQLSTATE[28000]: [Microsoft][ODBC Driver 17 for SQL Server][SQL Server]Login failed for user 'SA'.
[19-May-2023 17:13:26 Asia/Jakarta] ERROR:  duplicate key value violates unique constraint "m_io_cust_pkey"
DETAIL:  Key (lifnr)=(7A00034) already exists.
[03-Jul-2023 12:25:27 Asia/Jakarta] Non-static method Menu::getListApi() cannot be called statically
[05-Jul-2023 09:38:44 Asia/Jakarta] SQLSTATE[08006] [7] could not connect to server: Connection refused (0x0000274D/10061)
	Is the server running on host "localhost" (::1) and accepting
	TCP/IP connections on port 5432?
could not connect to server: Connection refused (0x0000274D/10061)
	Is the server running on host "localhost" (127.0.0.1) and accepting
	TCP/IP connections on port 5432?
[05-Jul-2023 10:22:04 Asia/Jakarta] SQLSTATE[08006] [7] could not connect to server: Connection refused (0x0000274D/10061)
	Is the server running on host "localhost" (::1) and accepting
	TCP/IP connections on port 5432?
could not connect to server: Connection refused (0x0000274D/10061)
	Is the server running on host "localhost" (127.0.0.1) and accepting
	TCP/IP connections on port 5432?
[05-Jul-2023 10:25:52 Asia/Jakarta] SQLSTATE[08006] [7] SSL SYSCALL error: Connection reset by peer (0x00002746/10054)
could not connect to server: No route to host (0x00002751/10065)
	Is the server running on host "5.181.217.2" and accepting
	TCP/IP connections on port 5432?
[05-Jul-2023 10:25:52 Asia/Jakarta] SQLSTATE[08006] [7] could not connect to server: No route to host (0x00002751/10065)
	Is the server running on host "5.181.217.2" and accepting
	TCP/IP connections on port 5432?
[05-Jul-2023 10:25:52 Asia/Jakarta] SQLSTATE[08006] [7] could not connect to server: No route to host (0x00002751/10065)
	Is the server running on host "5.181.217.2" and accepting
	TCP/IP connections on port 5432?
[05-Jul-2023 10:25:52 Asia/Jakarta] SQLSTATE[08006] [7] could not connect to server: No route to host (0x00002751/10065)
	Is the server running on host "5.181.217.2" and accepting
	TCP/IP connections on port 5432?
[05-Jul-2023 10:25:52 Asia/Jakarta] SQLSTATE[08006] [7] could not connect to server: No route to host (0x00002751/10065)
	Is the server running on host "5.181.217.2" and accepting
	TCP/IP connections on port 5432?
[05-Jul-2023 10:25:52 Asia/Jakarta] SQLSTATE[08006] [7] could not connect to server: No route to host (0x00002751/10065)
	Is the server running on host "5.181.217.2" and accepting
	TCP/IP connections on port 5432?
[05-Jul-2023 10:25:58 Asia/Jakarta] SQLSTATE[08006] [7] could not connect to server: No route to host (0x00002751/10065)
	Is the server running on host "5.181.217.2" and accepting
	TCP/IP connections on port 5432?
[05-Jul-2023 10:26:09 Asia/Jakarta] SQLSTATE[08006] [7] could not connect to server: No route to host (0x00002751/10065)
	Is the server running on host "5.181.217.2" and accepting
	TCP/IP connections on port 5432?
[05-Jul-2023 10:26:18 Asia/Jakarta] SQLSTATE[08006] [7] could not connect to server: No route to host (0x00002751/10065)
	Is the server running on host "5.181.217.2" and accepting
	TCP/IP connections on port 5432?
[05-Jul-2023 10:26:28 Asia/Jakarta] SQLSTATE[08006] [7] could not connect to server: No route to host (0x00002751/10065)
	Is the server running on host "5.181.217.2" and accepting
	TCP/IP connections on port 5432?
[05-Jul-2023 10:26:38 Asia/Jakarta] SQLSTATE[08006] [7] could not connect to server: No route to host (0x00002751/10065)
	Is the server running on host "5.181.217.2" and accepting
	TCP/IP connections on port 5432?
[05-Jul-2023 10:26:48 Asia/Jakarta] SQLSTATE[08006] [7] could not connect to server: No route to host (0x00002751/10065)
	Is the server running on host "5.181.217.2" and accepting
	TCP/IP connections on port 5432?
[05-Jul-2023 10:26:59 Asia/Jakarta] SQLSTATE[08006] [7] could not connect to server: No route to host (0x00002751/10065)
	Is the server running on host "5.181.217.2" and accepting
	TCP/IP connections on port 5432?
[05-Jul-2023 10:27:09 Asia/Jakarta] SQLSTATE[08006] [7] could not connect to server: No route to host (0x00002751/10065)
	Is the server running on host "5.181.217.2" and accepting
	TCP/IP connections on port 5432?
[05-Jul-2023 10:27:50 Asia/Jakarta] SQLSTATE[HY000]: General error: 7 server closed the connection unexpectedly
	This probably means the server terminated abnormally
	before or while processing the request.
[05-Jul-2023 10:43:29 Asia/Jakarta] SQLSTATE[57P01]: Admin shutdown: 7 FATAL:  terminating connection due to administrator command
SSL connection has been closed unexpectedly
[05-Jul-2023 10:43:49 Asia/Jakarta] SQLSTATE[08006] [7] could not connect to server: Connection timed out (0x0000274C/10060)
	Is the server running on host "5.181.217.2" and accepting
	TCP/IP connections on port 5432?
[05-Jul-2023 10:44:35 Asia/Jakarta] SQLSTATE[08001]: [Microsoft][ODBC Driver 17 for SQL Server]Named Pipes Provider: Could not open a connection to SQL Server [53]. 
[05-Jul-2023 11:57:41 Asia/Jakarta] SQLSTATE[08006] [7] timeout expired
[05-Jul-2023 12:54:35 Asia/Jakarta] SQLSTATE[08006] [7] timeout expired
[05-Jul-2023 13:14:04 Asia/Jakarta] SQLSTATE[08006] [7] timeout expired
