[22-Nov-2022 11:06:57 Asia/Jakarta] PHP Fatal error:  require(): Failed opening required 'templates/t_device_edit.php' (include_path='C:\xampp\php\PEAR') in C:\xampp\htdocs\aisin_prd\controllers\c_dies.php on line 38
[22-Nov-2022 14:23:06 Asia/Jakarta] SQLSTATE[08006] [7] could not connect to server: No route to host (0x00002751/10065)
	Is the server running on host "5.181.217.2" and accepting
	TCP/IP connections on port 5432?
[22-Nov-2022 14:23:10 Asia/Jakarta] SQLSTATE[08006] [7] could not connect to server: No route to host (0x00002751/10065)
	Is the server running on host "5.181.217.2" and accepting
	TCP/IP connections on port 5432?
[22-Nov-2022 14:23:11 Asia/Jakarta] SQLSTATE[08006] [7] could not connect to server: No route to host (0x00002751/10065)
	Is the server running on host "5.181.217.2" and accepting
	TCP/IP connections on port 5432?
[22-Nov-2022 14:23:13 Asia/Jakarta] SQLSTATE[08006] [7] could not connect to server: No route to host (0x00002751/10065)
	Is the server running on host "5.181.217.2" and accepting
	TCP/IP connections on port 5432?
[22-Nov-2022 14:23:14 Asia/Jakarta] SQLSTATE[08006] [7] could not connect to server: No route to host (0x00002751/10065)
	Is the server running on host "5.181.217.2" and accepting
	TCP/IP connections on port 5432?
[22-Nov-2022 14:23:14 Asia/Jakarta] SQLSTATE[08006] [7] could not connect to server: No route to host (0x00002751/10065)
	Is the server running on host "5.181.217.2" and accepting
	TCP/IP connections on port 5432?
[22-Nov-2022 14:23:15 Asia/Jakarta] SQLSTATE[08006] [7] could not connect to server: No route to host (0x00002751/10065)
	Is the server running on host "5.181.217.2" and accepting
	TCP/IP connections on port 5432?
[22-Nov-2022 14:23:16 Asia/Jakarta] SQLSTATE[08006] [7] could not connect to server: No route to host (0x00002751/10065)
	Is the server running on host "5.181.217.2" and accepting
	TCP/IP connections on port 5432?
[22-Nov-2022 14:23:16 Asia/Jakarta] SQLSTATE[08006] [7] could not connect to server: No route to host (0x00002751/10065)
	Is the server running on host "5.181.217.2" and accepting
	TCP/IP connections on port 5432?
[22-Nov-2022 14:23:17 Asia/Jakarta] SQLSTATE[08006] [7] could not connect to server: No route to host (0x00002751/10065)
	Is the server running on host "5.181.217.2" and accepting
	TCP/IP connections on port 5432?
[22-Nov-2022 14:23:17 Asia/Jakarta] SQLSTATE[08006] [7] could not connect to server: No route to host (0x00002751/10065)
	Is the server running on host "5.181.217.2" and accepting
	TCP/IP connections on port 5432?
[22-Nov-2022 14:23:17 Asia/Jakarta] SQLSTATE[08006] [7] could not connect to server: No route to host (0x00002751/10065)
	Is the server running on host "5.181.217.2" and accepting
	TCP/IP connections on port 5432?
[22-Nov-2022 14:23:17 Asia/Jakarta] SQLSTATE[08006] [7] could not connect to server: No route to host (0x00002751/10065)
	Is the server running on host "5.181.217.2" and accepting
	TCP/IP connections on port 5432?
[22-Nov-2022 14:23:17 Asia/Jakarta] SQLSTATE[08006] [7] could not connect to server: No route to host (0x00002751/10065)
	Is the server running on host "5.181.217.2" and accepting
	TCP/IP connections on port 5432?
[22-Nov-2022 14:23:18 Asia/Jakarta] SQLSTATE[08006] [7] could not connect to server: No route to host (0x00002751/10065)
	Is the server running on host "5.181.217.2" and accepting
	TCP/IP connections on port 5432?
[22-Nov-2022 14:23:18 Asia/Jakarta] SQLSTATE[08006] [7] could not connect to server: No route to host (0x00002751/10065)
	Is the server running on host "5.181.217.2" and accepting
	TCP/IP connections on port 5432?
[22-Nov-2022 14:23:23 Asia/Jakarta] SQLSTATE[08006] [7] could not connect to server: No route to host (0x00002751/10065)
	Is the server running on host "5.181.217.2" and accepting
	TCP/IP connections on port 5432?
[22-Nov-2022 14:23:26 Asia/Jakarta] SQLSTATE[08006] [7] could not connect to server: No route to host (0x00002751/10065)
	Is the server running on host "5.181.217.2" and accepting
	TCP/IP connections on port 5432?
[22-Nov-2022 14:23:30 Asia/Jakarta] SQLSTATE[08006] [7] could not connect to server: No route to host (0x00002751/10065)
	Is the server running on host "5.181.217.2" and accepting
	TCP/IP connections on port 5432?
[24-Nov-2022 16:24:20 Asia/Jakarta] ERROR:  invalid input syntax for type double precision: ""
[24-Nov-2022 16:26:06 Asia/Jakarta] ERROR:  invalid input syntax for type double precision: "1,800"
[24-Nov-2022 16:29:26 Asia/Jakarta] ERROR:  invalid input syntax for type double precision: ""
[24-Nov-2022 16:32:11 Asia/Jakarta] ERROR:  invalid input syntax for type double precision: ""
[24-Nov-2022 16:34:55 Asia/Jakarta] ERROR:  invalid input syntax for type double precision: ""
[24-Nov-2022 16:36:25 Asia/Jakarta] ERROR:  invalid input syntax for type double precision: ""
[24-Nov-2022 16:47:16 Asia/Jakarta] ERROR:  syntax error at or near ":"
LINE 1: ...t, stkrun, img01) values ($1, $2, $3, $4, $5, $6, :'0', :'0'...
                                                             ^
[24-Nov-2022 16:48:00 Asia/Jakarta] ERROR:  bind message supplies 7 parameters, but prepared statement "pdo_stmt_00000001" requires 8
[24-Nov-2022 16:49:42 Asia/Jakarta] ERROR:  bind message supplies 7 parameters, but prepared statement "pdo_stmt_00000001" requires 8
[24-Nov-2022 16:50:44 Asia/Jakarta] ERROR:  INSERT has more expressions than target columns
LINE 1: ..., ewstk, img01) values ($1, $2, $3, $4, $5, $6, $7, $7, $8) 
                                                               ^
[24-Nov-2022 16:51:54 Asia/Jakarta] ERROR:  bind message supplies 7 parameters, but prepared statement "pdo_stmt_00000001" requires 8
[24-Nov-2022 17:10:12 Asia/Jakarta] ERROR:  syntax error at or near "model_id"
LINE 1: ...group_id = $3, name1 = $4, ctsec = $5, ewstk = $6 model_id =...
                                                             ^
[24-Nov-2022 17:11:19 Asia/Jakarta] ERROR:  syntax error at or near "dies_id"
LINE 1: ...group_id = $3, name1 = $4, ctsec = $5, ewstk = $6 dies_id = ...
                                                             ^
[25-Nov-2022 09:08:53 Asia/Jakarta] ERROR:  duplicate key value violates unique constraint "m_dm_dies_pkey"
DETAIL:  Key (model_id)=(TCC D98E) already exists.
[25-Nov-2022 10:12:19 Asia/Jakarta] SQLSTATE[08006] [7] timeout expired
[28-Nov-2022 09:11:50 Asia/Jakarta] SQLSTATE[08006] [7] timeout expired
[28-Nov-2022 09:41:21 Asia/Jakarta] ERROR:  syntax error at or near "img01"
LINE 1: ...group_id = $3, name1 = $4, ctsec = $5, ewstk = $6 img01 = $7...
                                                             ^
[28-Nov-2022 09:41:57 Asia/Jakarta] ERROR:  syntax error at or near "img01"
LINE 1: ...group_id = $3, name1 = $4, ctsec = $5, ewstk = $6 img01 = $7...
                                                             ^
[28-Nov-2022 09:42:29 Asia/Jakarta] ERROR:  syntax error at or near "img01"
LINE 1: ...group_id = $3, name1 = $4, ctsec = $5, ewstk = $6 img01 = $7...
                                                             ^
[28-Nov-2022 09:42:51 Asia/Jakarta] ERROR:  syntax error at or near "img01"
LINE 1: ...group_id = $3, name1 = $4, ctsec = $5, ewstk = $6 img01 = $7...
                                                             ^
[28-Nov-2022 09:44:22 Asia/Jakarta] ERROR:  syntax error at or near "img01"
LINE 1: ...group_id = $3, name1 = $4, ctsec = $5, ewstk = $6 img01 = $7...
                                                             ^
[28-Nov-2022 09:45:50 Asia/Jakarta] ERROR:  syntax error at or near "img01"
LINE 1: ...group_id = $3, name1 = $4, ctsec = $5, ewstk = $6 img01 = $7...
                                                             ^
[28-Nov-2022 09:46:37 Asia/Jakarta] ERROR:  syntax error at or near "dies_id"
LINE 1: ...3, name1 = $4, ctsec = $5, ewstk = $6, img01 = $7 dies_id = ...
                                                             ^
[28-Nov-2022 11:06:35 Asia/Jakarta] PHP Fatal error:  require(): Failed opening required 'templates/t_view_checklist.php' (include_path='C:\xampp\php\PEAR') in C:\xampp\htdocs\aisin_dm\controllers\c_dies.php on line 49
[29-Nov-2022 09:19:13 Asia/Jakarta] SQLSTATE[08006] [7] timeout expired
[29-Nov-2022 09:20:41 Asia/Jakarta] SQLSTATE[08006] [7] could not connect to server: Connection timed out (0x0000274C/10060)
	Is the server running on host "5.181.217.2" and accepting
	TCP/IP connections on port 5432?
[29-Nov-2022 09:21:22 Asia/Jakarta] SQLSTATE[08006] [7] timeout expired
[29-Nov-2022 09:22:52 Asia/Jakarta] SQLSTATE[08006] [7] timeout expired
[29-Nov-2022 09:25:00 Asia/Jakarta] SQLSTATE[08006] [7] timeout expired
[29-Nov-2022 09:28:13 Asia/Jakarta] SQLSTATE[08006] [7] could not connect to server: No route to host (0x00002751/10065)
	Is the server running on host "5.181.217.2" and accepting
	TCP/IP connections on port 5432?
[29-Nov-2022 09:28:13 Asia/Jakarta] SQLSTATE[08006] [7] could not connect to server: No route to host (0x00002751/10065)
	Is the server running on host "5.181.217.2" and accepting
	TCP/IP connections on port 5432?
[29-Nov-2022 09:28:13 Asia/Jakarta] SQLSTATE[08006] [7] could not connect to server: No route to host (0x00002751/10065)
	Is the server running on host "5.181.217.2" and accepting
	TCP/IP connections on port 5432?
[29-Nov-2022 09:28:13 Asia/Jakarta] SQLSTATE[08006] [7] could not connect to server: No route to host (0x00002751/10065)
	Is the server running on host "5.181.217.2" and accepting
	TCP/IP connections on port 5432?
[29-Nov-2022 09:28:13 Asia/Jakarta] SQLSTATE[08006] [7] could not connect to server: No route to host (0x00002751/10065)
	Is the server running on host "5.181.217.2" and accepting
	TCP/IP connections on port 5432?
[29-Nov-2022 09:28:13 Asia/Jakarta] SQLSTATE[08006] [7] could not connect to server: No route to host (0x00002751/10065)
	Is the server running on host "5.181.217.2" and accepting
	TCP/IP connections on port 5432?
[29-Nov-2022 09:28:13 Asia/Jakarta] SQLSTATE[08006] [7] could not connect to server: No route to host (0x00002751/10065)
	Is the server running on host "5.181.217.2" and accepting
	TCP/IP connections on port 5432?
[29-Nov-2022 09:28:13 Asia/Jakarta] SQLSTATE[08006] [7] could not connect to server: No route to host (0x00002751/10065)
	Is the server running on host "5.181.217.2" and accepting
	TCP/IP connections on port 5432?
[29-Nov-2022 09:28:13 Asia/Jakarta] SQLSTATE[08006] [7] could not connect to server: No route to host (0x00002751/10065)
	Is the server running on host "5.181.217.2" and accepting
	TCP/IP connections on port 5432?
[29-Nov-2022 09:28:13 Asia/Jakarta] SQLSTATE[08006] [7] could not connect to server: No route to host (0x00002751/10065)
	Is the server running on host "5.181.217.2" and accepting
	TCP/IP connections on port 5432?
[29-Nov-2022 09:28:13 Asia/Jakarta] SQLSTATE[08006] [7] could not connect to server: No route to host (0x00002751/10065)
	Is the server running on host "5.181.217.2" and accepting
	TCP/IP connections on port 5432?
[29-Nov-2022 09:28:14 Asia/Jakarta] SQLSTATE[08006] [7] could not connect to server: No route to host (0x00002751/10065)
	Is the server running on host "5.181.217.2" and accepting
	TCP/IP connections on port 5432?
[29-Nov-2022 09:28:14 Asia/Jakarta] SQLSTATE[08006] [7] could not connect to server: No route to host (0x00002751/10065)
	Is the server running on host "5.181.217.2" and accepting
	TCP/IP connections on port 5432?
[29-Nov-2022 09:28:14 Asia/Jakarta] SQLSTATE[08006] [7] could not connect to server: No route to host (0x00002751/10065)
	Is the server running on host "5.181.217.2" and accepting
	TCP/IP connections on port 5432?
[29-Nov-2022 09:28:14 Asia/Jakarta] SQLSTATE[08006] [7] could not connect to server: No route to host (0x00002751/10065)
	Is the server running on host "5.181.217.2" and accepting
	TCP/IP connections on port 5432?
[29-Nov-2022 09:28:14 Asia/Jakarta] SQLSTATE[08006] [7] could not connect to server: No route to host (0x00002751/10065)
	Is the server running on host "5.181.217.2" and accepting
	TCP/IP connections on port 5432?
[29-Nov-2022 09:28:14 Asia/Jakarta] SQLSTATE[08006] [7] could not connect to server: No route to host (0x00002751/10065)
	Is the server running on host "5.181.217.2" and accepting
	TCP/IP connections on port 5432?
[29-Nov-2022 09:28:14 Asia/Jakarta] SQLSTATE[08006] [7] could not connect to server: No route to host (0x00002751/10065)
	Is the server running on host "5.181.217.2" and accepting
	TCP/IP connections on port 5432?
[29-Nov-2022 09:28:14 Asia/Jakarta] SQLSTATE[08006] [7] could not connect to server: No route to host (0x00002751/10065)
	Is the server running on host "5.181.217.2" and accepting
	TCP/IP connections on port 5432?
[29-Nov-2022 09:28:14 Asia/Jakarta] SQLSTATE[08006] [7] could not connect to server: No route to host (0x00002751/10065)
	Is the server running on host "5.181.217.2" and accepting
	TCP/IP connections on port 5432?
[29-Nov-2022 09:28:14 Asia/Jakarta] SQLSTATE[08006] [7] could not connect to server: No route to host (0x00002751/10065)
	Is the server running on host "5.181.217.2" and accepting
	TCP/IP connections on port 5432?
[29-Nov-2022 09:28:14 Asia/Jakarta] SQLSTATE[08006] [7] could not connect to server: No route to host (0x00002751/10065)
	Is the server running on host "5.181.217.2" and accepting
	TCP/IP connections on port 5432?
[29-Nov-2022 09:28:14 Asia/Jakarta] SQLSTATE[08006] [7] could not connect to server: No route to host (0x00002751/10065)
	Is the server running on host "5.181.217.2" and accepting
	TCP/IP connections on port 5432?
[29-Nov-2022 09:28:14 Asia/Jakarta] SQLSTATE[08006] [7] could not connect to server: No route to host (0x00002751/10065)
	Is the server running on host "5.181.217.2" and accepting
	TCP/IP connections on port 5432?
[29-Nov-2022 09:28:14 Asia/Jakarta] SQLSTATE[08006] [7] could not connect to server: No route to host (0x00002751/10065)
	Is the server running on host "5.181.217.2" and accepting
	TCP/IP connections on port 5432?
[29-Nov-2022 09:29:00 Asia/Jakarta] SQLSTATE[08006] [7] could not connect to server: Connection timed out (0x0000274C/10060)
	Is the server running on host "5.181.217.2" and accepting
	TCP/IP connections on port 5432?
[29-Nov-2022 09:30:15 Asia/Jakarta] SQLSTATE[08006] [7] timeout expired
[29-Nov-2022 09:31:22 Asia/Jakarta] SQLSTATE[08006] [7] timeout expired
[29-Nov-2022 09:32:41 Asia/Jakarta] SQLSTATE[08006] [7] timeout expired
[29-Nov-2022 09:35:10 Asia/Jakarta] SQLSTATE[08006] [7] timeout expired
[29-Nov-2022 09:37:15 Asia/Jakarta] SQLSTATE[08006] [7] timeout expired
[29-Nov-2022 09:46:55 Asia/Jakarta] SQLSTATE[08006] [7] timeout expired
[29-Nov-2022 09:47:56 Asia/Jakarta] SQLSTATE[08006] [7] timeout expired
[29-Nov-2022 09:57:27 Asia/Jakarta] SQLSTATE[08006] [7] timeout expired
[29-Nov-2022 10:04:28 Asia/Jakarta] SQLSTATE[08006] [7] timeout expired
[29-Nov-2022 10:09:30 Asia/Jakarta] SQLSTATE[08006] [7] could not connect to server: Connection timed out (0x0000274C/10060)
	Is the server running on host "5.181.217.2" and accepting
	TCP/IP connections on port 5432?
[29-Nov-2022 10:14:08 Asia/Jakarta] SQLSTATE[08006] [7] timeout expired
[29-Nov-2022 10:18:05 Asia/Jakarta] SQLSTATE[08006] [7] timeout expired
[29-Nov-2022 10:25:33 Asia/Jakarta] SQLSTATE[08006] [7] timeout expired
[29-Nov-2022 10:43:27 Asia/Jakarta] SQLSTATE[08006] [7] timeout expired
[29-Nov-2022 10:51:58 Asia/Jakarta] SQLSTATE[08006] [7] timeout expired
[29-Nov-2022 10:54:02 Asia/Jakarta] SQLSTATE[08006] [7] timeout expired
[29-Nov-2022 11:02:15 Asia/Jakarta] SQLSTATE[08006] [7] timeout expired
[29-Nov-2022 11:27:02 Asia/Jakarta] SQLSTATE[08006] [7] timeout expired
[29-Nov-2022 11:29:55 Asia/Jakarta] SQLSTATE[08006] [7] timeout expired
[29-Nov-2022 11:31:20 Asia/Jakarta] SQLSTATE[08006] [7] could not connect to server: Connection timed out (0x0000274C/10060)
	Is the server running on host "5.181.217.2" and accepting
	TCP/IP connections on port 5432?
[29-Nov-2022 11:32:09 Asia/Jakarta] SQLSTATE[08006] [7] timeout expired
[29-Nov-2022 11:41:26 Asia/Jakarta] SQLSTATE[08006] [7] timeout expired
[29-Nov-2022 11:43:00 Asia/Jakarta] SQLSTATE[08006] [7] timeout expired
[29-Nov-2022 11:43:49 Asia/Jakarta] SQLSTATE[08006] [7] timeout expired
[29-Nov-2022 11:45:18 Asia/Jakarta] SQLSTATE[08006] [7] could not connect to server: Connection timed out (0x0000274C/10060)
	Is the server running on host "5.181.217.2" and accepting
	TCP/IP connections on port 5432?
[29-Nov-2022 11:46:01 Asia/Jakarta] SQLSTATE[08006] [7] timeout expired
[29-Nov-2022 11:47:27 Asia/Jakarta] SQLSTATE[08006] [7] timeout expired
[29-Nov-2022 11:48:39 Asia/Jakarta] SQLSTATE[08006] [7] could not connect to server: Connection timed out (0x0000274C/10060)
	Is the server running on host "5.181.217.2" and accepting
	TCP/IP connections on port 5432?
[29-Nov-2022 11:49:09 Asia/Jakarta] SQLSTATE[08006] [7] timeout expired
[29-Nov-2022 12:17:59 Asia/Jakarta] SQLSTATE[08006] [7] timeout expired
[30-Nov-2022 14:30:00 Asia/Jakarta] SQLSTATE[08006] [7] could not connect to server: No route to host (0x00002751/10065)
	Is the server running on host "5.181.217.2" and accepting
	TCP/IP connections on port 5432?
[01-Dec-2022 10:48:58 Asia/Jakarta] syntax error, unexpected '='
[05-Dec-2022 12:23:25 Asia/Jakarta] ERROR:  invalid input syntax for type double precision: "/"
[07-Dec-2022 16:25:47 Asia/Jakarta] ERROR:  duplicate key value violates unique constraint "m_dm_dies_pkey"
DETAIL:  Key (model_id)=(4A91) already exists.
[08-Dec-2022 09:08:06 Asia/Jakarta] ERROR:  duplicate key value violates unique constraint "m_dm_dies_pkey"
DETAIL:  Key (model_id)=(4A91) already exists.
[08-Dec-2022 09:18:38 Asia/Jakarta] ERROR:  duplicate key value violates unique constraint "m_dm_dies_pkey"
DETAIL:  Key (model_id)=(4A91) already exists.
[08-Dec-2022 09:19:40 Asia/Jakarta] ERROR:  duplicate key value violates unique constraint "m_dm_dies_pkey"
DETAIL:  Key (model_id)=(4A91) already exists.
[08-Dec-2022 10:00:46 Asia/Jakarta] PHP Fatal error:  require(): Failed opening required 'templates/t_m_checklist_selection.php' (include_path='C:\xampp\php\PEAR') in C:\xampp\htdocs\aisin_dm\controllers\c_checksheet_prev.php on line 33
[08-Dec-2022 10:05:05 Asia/Jakarta] Too few arguments to function Dies::getDiesById(), 0 passed in C:\xampp\htdocs\aisin_dm\controllers\c_checksheet_prev.php on line 31 and exactly 1 expected
[08-Dec-2022 10:24:15 Asia/Jakarta] ERROR:  column "model_id" of relation "t_dm_checksheet" does not exist
LINE 1: INSERT INTO t_dm_checksheet (model_id, name1, group_id) valu...
                                     ^
[08-Dec-2022 10:25:24 Asia/Jakarta] ERROR:  column "model_id" of relation "t_dm_checksheet" does not exist
LINE 1: INSERT INTO t_dm_checksheet (model_id, name1, group_id) valu...
                                     ^
[08-Dec-2022 10:39:13 Asia/Jakarta] ERROR:  column "model_id" of relation "t_dm_checksheet" does not exist
LINE 1: INSERT INTO t_dm_checksheet (model_id, name1, group_id) valu...
                                     ^
[08-Dec-2022 10:40:44 Asia/Jakarta] ERROR:  column "model_id" of relation "t_dm_checksheet" does not exist
LINE 1: INSERT INTO t_dm_checksheet (model_id, name1, group_id) valu...
                                     ^
[08-Dec-2022 11:49:38 Asia/Jakarta] ERROR:  column "model_id" of relation "t_dm_checksheet" does not exist
LINE 1: INSERT INTO t_dm_checksheet (model_id, name1, group_id) valu...
                                     ^
[08-Dec-2022 11:55:10 Asia/Jakarta] ERROR:  column "model_id" of relation "t_dm_checksheet" does not exist
LINE 1: INSERT INTO t_dm_checksheet (model_id, name1, group_id) valu...
                                     ^
[08-Dec-2022 11:56:34 Asia/Jakarta] ERROR:  column "model_id" of relation "t_dm_checksheet" does not exist
LINE 1: INSERT INTO t_dm_checksheet (model_id, name1, group_id) valu...
                                     ^
[09-Dec-2022 14:01:28 Asia/Jakarta] ERROR:  column "model_id" of relation "t_dm_checksheet" does not exist
LINE 1: INSERT INTO t_dm_checksheet (model_id, name1, group_id) valu...
                                     ^
[12-Dec-2022 09:53:58 Asia/Jakarta] ERROR:  column "model_id" of relation "t_dm_checksheet" does not exist
LINE 1: INSERT INTO t_dm_checksheet (model_id, name1, group_id) valu...
                                     ^
[12-Dec-2022 10:39:02 Asia/Jakarta] ERROR:  column "name1" of relation "t_dm_checksheet" does not exist
LINE 1: INSERT INTO t_dm_checksheet (model_id, name1, group_id) valu...
                                               ^
[12-Dec-2022 10:39:53 Asia/Jakarta] ERROR:  column "name1" of relation "t_dm_checksheet" does not exist
LINE 1: INSERT INTO t_dm_checksheet (model_id, name1, group_id) valu...
                                               ^
[12-Dec-2022 10:46:46 Asia/Jakarta] ERROR:  null value in column "pmtid" violates not-null constraint
DETAIL:  Failing row contains (null, null, null, 001, null, null, null, null, null, null, null, null, null, null, null, null, null, null, null, null, null, null, null, null, null, null, null, null, null, null, null, null, null, null, null, null, null, null, null, null, null, null, null, null, null, null, null, null, null, null, null, null, null, null, null, null, null, null, null, null, null, null, null, null, null, null, null, null, null, null, null, null, null, null, null, null, null, null, CSH D98E).
[12-Dec-2022 12:02:15 Asia/Jakarta] ERROR:  null value in column "pmtid" violates not-null constraint
DETAIL:  Failing row contains (null, 2022-12-12, 0, 001, , null, null, null, null, null, null, null, null, null, null, null, null, null, null, null, null, null, null, null, null, null, null, null, null, null, null, null, null, null, null, null, null, null, null, null, null, null, null, null, null, null, null, null, null, null, null, null, null, null, null, null, null, null, null, null, null, null, null, null, null, null, null, null, null, null, null, null, null, null, null, null, null, null, CSH D98E).
[12-Dec-2022 12:07:25 Asia/Jakarta] ERROR:  null value in column "pmtid" violates not-null constraint
DETAIL:  Failing row contains (null, 2022-12-12, 0, 001, , null, null, null, null, null, null, null, null, null, null, null, null, null, null, null, null, null, null, null, null, null, null, null, null, null, null, null, null, null, null, null, null, null, null, null, null, null, null, null, null, null, null, null, null, null, null, null, null, null, null, null, null, null, null, null, null, null, null, null, null, null, null, null, null, null, null, null, null, null, null, null, null, null, CSH D98E).
[12-Dec-2022 12:59:11 Asia/Jakarta] ERROR:  null value in column "pmtid" violates not-null constraint
DETAIL:  Failing row contains (null, 2022-12-12, 0, 001, , null, null, null, null, null, null, null, null, null, null, null, null, null, null, null, null, null, null, null, null, null, null, null, null, null, null, null, null, null, null, null, null, null, null, null, null, null, null, null, null, null, null, null, null, null, null, null, null, null, null, null, null, null, null, null, null, null, null, null, null, null, null, null, null, null, null, null, null, null, null, null, null, null, CSH D98E).
[12-Dec-2022 13:02:00 Asia/Jakarta] ERROR:  null value in column "pmtid" violates not-null constraint
DETAIL:  Failing row contains (null, 2022-12-12, 0, 001, , null, null, null, null, null, null, null, null, null, null, null, null, null, null, null, null, null, null, null, null, null, null, null, null, null, null, null, null, null, null, null, null, null, null, null, null, null, null, null, null, null, null, null, null, null, null, null, null, null, null, null, null, null, null, null, null, null, null, null, null, null, null, null, null, null, null, null, null, null, null, null, null, null, CSH D98E).
[12-Dec-2022 13:03:01 Asia/Jakarta] ERROR:  null value in column "pmtid" violates not-null constraint
DETAIL:  Failing row contains (null, 2022-12-12, 0, 001, , null, null, null, null, null, null, null, null, null, null, null, null, null, null, null, null, null, null, null, null, null, null, null, null, null, null, null, null, null, null, null, null, null, null, null, null, null, null, null, null, null, null, null, null, null, null, null, null, null, null, null, null, null, null, null, null, null, null, null, null, null, null, null, null, null, null, null, null, null, null, null, null, null, CSH D98E).
[12-Dec-2022 13:03:41 Asia/Jakarta] ERROR:  null value in column "pmtid" violates not-null constraint
DETAIL:  Failing row contains (null, 2022-12-12, 0, 001, , null, null, null, null, null, null, null, null, null, null, null, null, null, null, null, null, null, null, null, null, null, null, null, null, null, null, null, null, null, null, null, null, null, null, null, null, null, null, null, null, null, null, null, null, null, null, null, null, null, null, null, null, null, null, null, null, null, null, null, null, null, null, null, null, null, null, null, null, null, null, null, null, null, CSH D98E).
[12-Dec-2022 13:04:14 Asia/Jakarta] ERROR:  null value in column "pmtid" violates not-null constraint
DETAIL:  Failing row contains (null, 2022-12-12, 0, 001, , null, null, null, null, null, null, null, null, null, null, null, null, null, null, null, null, null, null, null, null, null, null, null, null, null, null, null, null, null, null, null, null, null, null, null, null, null, null, null, null, null, null, null, null, null, null, null, null, null, null, null, null, null, null, null, null, null, null, null, null, null, null, null, null, null, null, null, null, null, null, null, null, null, CSH D98E).
[12-Dec-2022 13:06:43 Asia/Jakarta] ERROR:  null value in column "pmtid" violates not-null constraint
DETAIL:  Failing row contains (null, 2022-12-12, 0, 001, , null, null, null, null, null, null, null, null, null, null, null, null, null, null, null, null, null, null, null, null, null, null, null, null, null, null, null, null, null, null, null, null, null, null, null, null, null, null, null, null, null, null, null, null, null, null, null, null, null, null, null, null, null, null, null, null, null, null, null, null, null, null, null, null, null, null, null, null, null, null, null, null, null, CSH D98E).
[12-Dec-2022 13:07:07 Asia/Jakarta] ERROR:  null value in column "pmtid" violates not-null constraint
DETAIL:  Failing row contains (null, 2022-12-12, 0, 001, , null, null, null, null, null, null, null, null, null, null, null, null, null, null, null, null, null, null, null, null, null, null, null, null, null, null, null, null, null, null, null, null, null, null, null, null, null, null, null, null, null, null, null, null, null, null, null, null, null, null, null, null, null, null, null, null, null, null, null, null, null, null, null, null, null, null, null, null, null, null, null, null, null, CSH D98E).
[12-Dec-2022 13:09:25 Asia/Jakarta] ERROR:  null value in column "pmtid" violates not-null constraint
DETAIL:  Failing row contains (null, 2022-12-12, 0, 001, , null, null, null, null, null, null, null, null, null, null, null, null, null, null, null, null, null, null, null, null, null, null, null, null, null, null, null, null, null, null, null, null, null, null, null, null, null, null, null, null, null, null, null, null, null, null, null, null, null, null, null, null, null, null, null, null, null, null, null, null, null, null, null, null, null, null, null, null, null, null, null, null, null, CSH D98E).
[12-Dec-2022 13:11:14 Asia/Jakarta] ERROR:  null value in column "pmtid" violates not-null constraint
DETAIL:  Failing row contains (null, 2022-12-12, 0, 001, , null, null, null, null, null, null, null, null, null, null, null, null, null, null, null, null, null, null, null, null, null, null, null, null, null, null, null, null, null, null, null, null, null, null, null, null, null, null, null, null, null, null, null, null, null, null, null, null, null, null, null, null, null, null, null, null, null, null, null, null, null, null, null, null, null, null, null, null, null, null, null, null, null, CSH D98E).
[12-Dec-2022 13:12:26 Asia/Jakarta] ERROR:  null value in column "pmtid" violates not-null constraint
DETAIL:  Failing row contains (null, 2022-12-12, 0, 001, , null, null, null, null, null, null, null, null, null, null, null, null, null, null, null, null, null, null, null, null, null, null, null, null, null, null, null, null, null, null, null, null, null, null, null, null, null, null, null, null, null, null, null, null, null, null, null, null, null, null, null, null, null, null, null, null, null, null, null, null, null, null, null, null, null, null, null, null, null, null, null, null, null, CSH D98E).
[12-Dec-2022 13:13:33 Asia/Jakarta] ERROR:  null value in column "pmtid" violates not-null constraint
DETAIL:  Failing row contains (null, 2022-12-12, 0, 001, , null, null, null, null, null, null, null, null, null, null, null, null, null, null, null, null, null, null, null, null, null, null, null, null, null, null, null, null, null, null, null, null, null, null, null, null, null, null, null, null, null, null, null, null, null, null, null, null, null, null, null, null, null, null, null, null, null, null, null, null, null, null, null, null, null, null, null, null, null, null, null, null, null, CSH D98E).
[12-Dec-2022 13:39:45 Asia/Jakarta] ERROR:  null value in column "pmtid" violates not-null constraint
DETAIL:  Failing row contains (null, 2022-12-12, 0, 001, , null, null, null, null, null, null, null, null, null, null, null, null, null, null, null, null, null, null, null, null, null, null, null, null, null, null, null, null, null, null, null, null, null, null, null, null, null, null, null, null, null, null, null, null, null, null, null, null, null, null, null, null, null, null, null, null, null, null, null, null, null, null, null, null, null, null, null, null, null, null, null, null, null, CSH D98E).
[12-Dec-2022 14:05:00 Asia/Jakarta] ERROR:  syntax error at or near "CURRENT_TIMESTAMP"
LINE 1: ...IKE to_char(current_timestamp, 'YYYYMM')||'%')),  CURRENT_TI...
                                                             ^
[12-Dec-2022 14:06:07 Asia/Jakarta] ERROR:  syntax error at or near "CURRENT_TIMESTAMP"
LINE 1: ...IKE to_char(current_timestamp, 'YYYYMM')||'%')),  CURRENT_TI...
                                                             ^
[12-Dec-2022 14:08:30 Asia/Jakarta] ERROR:  syntax error at or near "CURRENT_TIMESTAMP"
LINE 1: ...IKE to_char(current_timestamp, 'YYYYMM')||'%')),  CURRENT_TI...
                                                             ^
[12-Dec-2022 14:11:59 Asia/Jakarta] ERROR:  syntax error at or near "CURRENT_TIMESTAMP"
LINE 1: ...IKE to_char(current_timestamp, 'YYYYMM')||'%')),  CURRENT_TI...
                                                             ^
[12-Dec-2022 14:13:54 Asia/Jakarta] ERROR:  syntax error at or near "SELECT"
LINE 1: ... pmtdt, pmtstk, model_id, dies_id, pmtby) values (SELECT CAS...
                                                             ^
[12-Dec-2022 14:16:03 Asia/Jakarta] ERROR:  syntax error at or near "SELECT"
LINE 1: ... pmtdt, pmtstk, model_id, dies_id, pmtby) values (SELECT CAS...
                                                             ^
[12-Dec-2022 14:17:02 Asia/Jakarta] ERROR:  syntax error at or near "CURRENT_TIMESTAMP"
LINE 1: ...IKE to_char(current_timestamp, 'YYYYMM')||'%')),  CURRENT_TI...
                                                             ^
[12-Dec-2022 14:17:35 Asia/Jakarta] ERROR:  syntax error at or near "CURRENT_TIMESTAMP"
LINE 1: ...LIKE to_char(current_timestamp, 'YYYYMM')||'%')), CURRENT_TI...
                                                             ^
[12-Dec-2022 14:28:00 Asia/Jakarta] ERROR:  column "stktot" does not exist
LINE 1: ...tamp, 'YYYYMM')||'%'), CURRENT_TIMESTAMP, (SELECT stktot FRO...
                                                             ^
[12-Dec-2022 15:07:10 Asia/Jakarta] ERROR:  duplicate key value violates unique constraint "t_dm_checksheet_pkey"
DETAIL:  Key (pmtid)=(Array) already exists.
[13-Dec-2022 14:42:32 Asia/Jakarta] Call to undefined function on()
[13-Dec-2022 14:44:07 Asia/Jakarta] Call to undefined function on()
[13-Dec-2022 14:49:15 Asia/Jakarta] Call to undefined function on()
[16-Dec-2022 14:21:17 Asia/Jakarta] Call to undefined function on()
[16-Dec-2022 15:04:20 Asia/Jakarta] ERROR:  bind message supplies 78 parameters, but prepared statement "pdo_stmt_00000001" requires 79
[16-Dec-2022 15:07:39 Asia/Jakarta] ERROR:  bind message supplies 78 parameters, but prepared statement "pdo_stmt_00000001" requires 79
[16-Dec-2022 15:08:11 Asia/Jakarta] ERROR:  null value in column "model_id" violates not-null constraint
DETAIL:  Failing row contains (2022120030, 2022-12-16, 0, 2000 S, ADMIN, , 1, 0, 1, 0, 0, 0, 0, 0, 0, 0, 1, 0, 0, 0, 0, 0, 0, 0, 0, 0, 0, 0, 0, 0, 0, 0, 0, 0, 0, 0, 0, 0, 0, 0, 0, 0, 0, 0, 0, 0, 0, 0, 0, 0, 0, 0, 0, 0, 0, 0, 0, , 0, 0, , 0, 0, 0, 0, 0, 0, 0, 0, , 0, 0, 0, 0, 0, 0, 0, 0, null).
[16-Dec-2022 15:09:43 Asia/Jakarta] ERROR:  duplicate key value violates unique constraint "t_dm_checksheet_pkey"
DETAIL:  Key (pmtid)=(2022120030) already exists.
[16-Dec-2022 15:13:02 Asia/Jakarta] ERROR:  bind message supplies 73 parameters, but prepared statement "pdo_stmt_00000001" requires 74
[19-Dec-2022 10:01:49 Asia/Jakarta] Call to undefined method PergantianPart::getListDies()
[19-Dec-2022 14:53:28 Asia/Jakarta] ERROR:  syntax error at end of input
LINE 1: ...', '1', $6, '1', '0', '1', '0', '1', '0', '1', '0', '1', $7 
                                                                       ^
[19-Dec-2022 14:55:18 Asia/Jakarta] ERROR:  syntax error at end of input
LINE 1: ...', '1', $6, '1', '0', '1', '0', '1', '0', '1', '0', '1', $7 
                                                                       ^
[19-Dec-2022 15:21:07 Asia/Jakarta] ERROR:  syntax error at end of input
LINE 1: ...', '1', $6, '1', '0', '1', '0', '1', '0', '1', '0', '1', $7 
                                                                       ^
[19-Dec-2022 15:23:36 Asia/Jakarta] ERROR:  syntax error at end of input
LINE 1: ...', '1', $6, '1', '0', '1', '0', '1', '0', '1', '0', '1', $7 
                                                                       ^
[19-Dec-2022 15:25:27 Asia/Jakarta] ERROR:  syntax error at end of input
LINE 1: ... $12, $13, $14, $15, $16, $17, $18, $19, $20, $21, $22, $23 
                                                                       ^
[19-Dec-2022 15:30:02 Asia/Jakarta] ERROR:  syntax error at end of input
LINE 1: ...', '1', $6, '1', '0', '1', '0', '1', '0', '1', '0', '1', $7 
                                                                       ^
[19-Dec-2022 15:31:06 Asia/Jakarta] ERROR:  value too long for type character varying(1)
[19-Dec-2022 15:39:40 Asia/Jakarta] ERROR:  duplicate key value violates unique constraint "t_dm_pergantian_part_key"
DETAIL:  Key (dies_id)=(003) already exists.
[04-Jan-2023 11:58:02 Asia/Jakarta] PHP Fatal error:  require(): Failed opening required 'templates/t_r_checksheet_preventive.php' (include_path='C:\xampp\php\PEAR') in C:\xampp\htdocs\aisin\dm\controllers\c_rep_checksheet.php on line 8
[04-Jan-2023 11:59:52 Asia/Jakarta] PHP Fatal error:  require(): Failed opening required 'templates/t_r_checksheet_preventive.php' (include_path='C:\xampp\php\PEAR') in C:\xampp\htdocs\aisin\dm\controllers\c_rep_checksheet.php on line 8
[04-Jan-2023 14:38:13 Asia/Jakarta] PHP Fatal error:  require(): Failed opening required 'templates/t_r_order_repair_improvement.php' (include_path='C:\xampp\php\PEAR') in C:\xampp\htdocs\aisin\dm\controllers\c_rep_order_repair.php on line 8
[04-Jan-2023 14:39:46 Asia/Jakarta] PHP Fatal error:  require(): Failed opening required 'templates/t_r_order_repair_improvement.php' (include_path='C:\xampp\php\PEAR') in C:\xampp\htdocs\aisin\dm\controllers\c_rep_order_repair.php on line 8
[04-Jan-2023 15:14:29 Asia/Jakarta] PHP Fatal error:  require(): Failed opening required 'templates/t_r_message.php' (include_path='C:\xampp\php\PEAR') in C:\xampp\htdocs\aisin\dm\controllers\c_rep_messages.php on line 8
[04-Jan-2023 15:15:56 Asia/Jakarta] PHP Fatal error:  require(): Failed opening required 'templates/t_r_message.php' (include_path='C:\xampp\php\PEAR') in C:\xampp\htdocs\aisin\dm\controllers\c_rep_messages.php on line 8
[04-Jan-2023 15:17:25 Asia/Jakarta] PHP Fatal error:  require(): Failed opening required 'templates/t_r_message.php' (include_path='C:\xampp\php\PEAR') in C:\xampp\htdocs\aisin\dm\controllers\c_rep_messages.php on line 8
[04-Jan-2023 15:18:07 Asia/Jakarta] PHP Fatal error:  require(): Failed opening required 'templates/t_r_message.php' (include_path='C:\xampp\php\PEAR') in C:\xampp\htdocs\aisin\dm\controllers\c_rep_messages.php on line 8
[04-Jan-2023 15:18:20 Asia/Jakarta] PHP Fatal error:  require(): Failed opening required 'templates/t_r_message.php' (include_path='C:\xampp\php\PEAR') in C:\xampp\htdocs\aisin\dm\controllers\c_rep_messages.php on line 8
[04-Jan-2023 15:18:26 Asia/Jakarta] PHP Fatal error:  require(): Failed opening required 'templates/t_r_message.php' (include_path='C:\xampp\php\PEAR') in C:\xampp\htdocs\aisin\dm\controllers\c_rep_messages.php on line 8
[04-Jan-2023 15:21:42 Asia/Jakarta] PHP Fatal error:  require(): Failed opening required 'templates/t_r_message.php' (include_path='C:\xampp\php\PEAR') in C:\xampp\htdocs\aisin\dm\controllers\c_rep_messages.php on line 8
[04-Jan-2023 15:22:08 Asia/Jakarta] PHP Fatal error:  require(): Failed opening required 'templates/t_r_message.php' (include_path='C:\xampp\php\PEAR') in C:\xampp\htdocs\aisin\dm\controllers\c_rep_messages.php on line 8
[04-Jan-2023 15:24:06 Asia/Jakarta] PHP Fatal error:  require(): Failed opening required 'templates/t_r_message.php' (include_path='C:\xampp\php\PEAR') in C:\xampp\htdocs\aisin\dm\controllers\c_rep_messages.php on line 8
[04-Jan-2023 15:25:51 Asia/Jakarta] PHP Fatal error:  require(): Failed opening required 'templates/t_r_message.php' (include_path='C:\xampp\php\PEAR') in C:\xampp\htdocs\aisin\dm\controllers\c_rep_messages.php on line 8
[04-Jan-2023 15:53:02 Asia/Jakarta] PHP Fatal error:  require(): Failed opening required 'templates/t_r_message.php' (include_path='C:\xampp\php\PEAR') in C:\xampp\htdocs\aisin\dm\controllers\c_rep_messages.php on line 8
[04-Jan-2023 15:53:55 Asia/Jakarta] PHP Fatal error:  require(): Failed opening required 'templates/t_r_message.php' (include_path='C:\xampp\php\PEAR') in C:\xampp\htdocs\aisin\dm\controllers\c_rep_messages.php on line 8
[04-Jan-2023 16:21:11 Asia/Jakarta] PHP Fatal error:  require(): Failed opening required 'templates/t_r_message.php' (include_path='C:\xampp\php\PEAR') in C:\xampp\htdocs\aisin\dm\controllers\c_rep_messages.php on line 8
[04-Jan-2023 17:00:08 Asia/Jakarta] PHP Fatal error:  require(): Failed opening required 'templates/t_r_message.php' (include_path='C:\xampp\php\PEAR') in C:\xampp\htdocs\aisin\dm\controllers\c_rep_messages.php on line 8
[05-Jan-2023 15:18:40 Asia/Jakarta] PHP Fatal error:  require(): Failed opening required 'templates/t_traceability_report2.php' (include_path='C:\xampp\php\PEAR') in C:\xampp\htdocs\aisin\dm\controllers\c_rep_checksheet.php on line 38
[17-Jan-2023 10:08:35 Asia/Jakarta] syntax error, unexpected '?>'
[17-Jan-2023 11:26:08 Asia/Jakarta] ERROR:  duplicate key value violates unique constraint "model_pkey"
DETAIL:  Key (model_id, group_id)=(OPN D98T, OPN) already exists.
[17-Jan-2023 11:27:54 Asia/Jakarta] ERROR:  duplicate key value violates unique constraint "model_pkey"
DETAIL:  Key (model_id, group_id)=(TCC D98T, TCC) already exists.
