[23-Nov-2022 11:42:52 Asia/Jakarta] ERROR:  duplicate key value violates unique constraint "m_prd_operator_pkey"
DETAIL:  Key (empid)=() already exists.
[23-Nov-2022 11:49:08 Asia/Jakarta] ERROR:  duplicate key value violates unique constraint "m_prd_operator_pkey"
DETAIL:  Key (empid)=() already exists.
[23-Nov-2022 11:50:46 Asia/Jakarta] ERROR:  duplicate key value violates unique constraint "m_prd_operator_pkey"
DETAIL:  Key (empid)=() already exists.
[23-Nov-2022 12:51:43 Asia/Jakarta] ERROR:  duplicate key value violates unique constraint "m_prd_operator_pkey"
DETAIL:  Key (empid)=(1007) already exists.
[23-Nov-2022 13:10:16 Asia/Jakarta] ERROR:  duplicate key value violates unique constraint "m_prd_operator_pkey"
DETAIL:  Key (empid)=() already exists.
[23-Nov-2022 13:11:43 Asia/Jakarta] ERROR:  duplicate key value violates unique constraint "m_prd_operator_pkey"
DETAIL:  Key (empid)=() already exists.
[24-Nov-2022 13:51:20 Asia/Jakarta] PHP Fatal error:  Cannot redeclare Production::insert() in C:\xampp\htdocs\aisin_prd\classes\Production.php on line 26
[24-Nov-2022 13:51:21 Asia/Jakarta] PHP Fatal error:  Cannot redeclare Production::insert() in C:\xampp\htdocs\aisin_prd\classes\Production.php on line 26
[24-Nov-2022 13:51:22 Asia/Jakarta] PHP Fatal error:  Cannot redeclare Production::insert() in C:\xampp\htdocs\aisin_prd\classes\Production.php on line 26
[16-Jan-2023 13:35:47 Asia/Jakarta] [] operator not supported for strings
[16-Jan-2023 14:36:56 Asia/Jakarta] PHP Parse error:  syntax error, unexpected ')', expecting variable (T_VARIABLE) or '{' or '$' in C:\xampp\htdocs\aisin\prd\classes\Reporting.php on line 142
[17-Jan-2023 15:41:15 Asia/Jakarta] syntax error, unexpected 'require' (T_REQUIRE)
[17-Jan-2023 16:10:48 Asia/Jakarta] ERROR:  invalid input syntax for integer: ""
LINE 1: ...prd_dt,'YYYYMMDD') = '' AND a.shift = '' AND a.prd_seq = '' 
                                                                    ^
[17-Jan-2023 16:11:07 Asia/Jakarta] ERROR:  invalid input syntax for integer: ""
LINE 1: ...prd_dt,'YYYYMMDD') = '' AND a.shift = '' AND a.prd_seq = '' 
                                                                    ^
[17-Jan-2023 16:11:47 Asia/Jakarta] ERROR:  invalid input syntax for integer: ""
LINE 1: ...prd_dt,'YYYYMMDD') = '' AND a.shift = '' AND a.prd_seq = '' 
                                                                    ^
[17-Jan-2023 16:12:42 Asia/Jakarta] ERROR:  invalid input syntax for integer: ""
LINE 1: ...prd_dt,'YYYYMMDD') = '' AND a.shift = '' AND a.prd_seq = '' 
                                                                    ^
[17-Jan-2023 16:12:50 Asia/Jakarta] ERROR:  invalid input syntax for integer: ""
LINE 1: ...prd_dt,'YYYYMMDD') = '' AND a.shift = '' AND a.prd_seq = '' 
                                                                    ^
[17-Jan-2023 16:12:59 Asia/Jakarta] ERROR:  invalid input syntax for integer: ""
LINE 1: ...prd_dt,'YYYYMMDD') = '' AND a.shift = '' AND a.prd_seq = '' 
                                                                    ^
[17-Jan-2023 16:13:08 Asia/Jakarta] ERROR:  invalid input syntax for integer: ""
LINE 1: ...prd_dt,'YYYYMMDD') = '' AND a.shift = '' AND a.prd_seq = '' 
                                                                    ^
[17-Jan-2023 16:13:23 Asia/Jakarta] ERROR:  invalid input syntax for integer: ""
LINE 1: ...prd_dt,'YYYYMMDD') = '' AND a.shift = '' AND a.prd_seq = '' 
                                                                    ^
[17-Jan-2023 16:13:31 Asia/Jakarta] ERROR:  invalid input syntax for integer: ""
LINE 1: ...prd_dt,'YYYYMMDD') = '' AND a.shift = '' AND a.prd_seq = '' 
                                                                    ^
[17-Jan-2023 16:13:41 Asia/Jakarta] ERROR:  invalid input syntax for integer: ""
LINE 1: ...prd_dt,'YYYYMMDD') = '' AND a.shift = '' AND a.prd_seq = '' 
                                                                    ^
[17-Jan-2023 16:13:53 Asia/Jakarta] ERROR:  invalid input syntax for integer: ""
LINE 1: ...prd_dt,'YYYYMMDD') = '' AND a.shift = '' AND a.prd_seq = '' 
                                                                    ^
[17-Jan-2023 16:14:01 Asia/Jakarta] ERROR:  invalid input syntax for integer: ""
LINE 1: ...prd_dt,'YYYYMMDD') = '' AND a.shift = '' AND a.prd_seq = '' 
                                                                    ^
[17-Jan-2023 16:14:49 Asia/Jakarta] ERROR:  invalid input syntax for integer: ""
LINE 1: ...prd_dt,'YYYYMMDD') = '' AND a.shift = '' AND a.prd_seq = '' 
                                                                    ^
[17-Jan-2023 16:14:50 Asia/Jakarta] ERROR:  invalid input syntax for integer: ""
LINE 1: ...prd_dt,'YYYYMMDD') = '' AND a.shift = '' AND a.prd_seq = '' 
                                                                    ^
[17-Jan-2023 16:19:01 Asia/Jakarta] ERROR:  invalid input syntax for integer: ""
LINE 1: ...prd_dt,'YYYYMMDD') = '' AND a.shift = '' AND a.prd_seq = '' 
                                                                    ^
[17-Jan-2023 22:33:21 Asia/Jakarta] ERROR:  duplicate key value violates unique constraint "model_pkey"
DETAIL:  Key (model_id, group_id)=(889F, OPN) already exists.
[17-Jan-2023 22:46:41 Asia/Jakarta] ERROR:  duplicate key value violates unique constraint "model_pkey"
DETAIL:  Key (model_id, group_id)=(D05E, CSH) already exists.
[17-Jan-2023 22:57:47 Asia/Jakarta] ERROR:  duplicate key value violates unique constraint "model_pkey"
DETAIL:  Key (model_id, group_id)=(889F, OPN) already exists.
