[23-Nov-2022 11:42:52 Asia/Jakarta] ERROR:  duplicate key value violates unique constraint "m_prd_operator_pkey"
DETAIL:  Key (empid)=() already exists.
[23-Nov-2022 11:49:08 Asia/Jakarta] ERROR:  duplicate key value violates unique constraint "m_prd_operator_pkey"
DETAIL:  Key (empid)=() already exists.
[23-Nov-2022 11:50:46 Asia/Jakarta] ERROR:  duplicate key value violates unique constraint "m_prd_operator_pkey"
DETAIL:  Key (empid)=() already exists.
[23-Nov-2022 12:51:43 Asia/Jakarta] ERROR:  duplicate key value violates unique constraint "m_prd_operator_pkey"
DETAIL:  Key (empid)=(1007) already exists.
[23-Nov-2022 13:10:16 Asia/Jakarta] ERROR:  duplicate key value violates unique constraint "m_prd_operator_pkey"
DETAIL:  Key (empid)=() already exists.
[23-Nov-2022 13:11:43 Asia/Jakarta] ERROR:  duplicate key value violates unique constraint "m_prd_operator_pkey"
DETAIL:  Key (empid)=() already exists.
[24-Nov-2022 13:51:20 Asia/Jakarta] PHP Fatal error:  Cannot redeclare Production::insert() in C:\xampp\htdocs\aisin_prd\classes\Production.php on line 26
[24-Nov-2022 13:51:21 Asia/Jakarta] PHP Fatal error:  Cannot redeclare Production::insert() in C:\xampp\htdocs\aisin_prd\classes\Production.php on line 26
[24-Nov-2022 13:51:22 Asia/Jakarta] PHP Fatal error:  Cannot redeclare Production::insert() in C:\xampp\htdocs\aisin_prd\classes\Production.php on line 26
[03-Feb-2023 15:51:35 Asia/Jakarta] SQLSTATE[08006] [7] FATAL:  password authentication failed for user "postgres"
[01-Mar-2023 11:58:36 Asia/Jakarta] SQLSTATE[08006] [7] FATAL:  password authentication failed for user "postgres"
FATAL:  password authentication failed for user "postgres"
[01-Mar-2023 12:08:00 Asia/Jakarta] SQLSTATE[08006] [7] FATAL:  password authentication failed for user "postgres"
FATAL:  password authentication failed for user "postgres"
[01-Mar-2023 12:08:02 Asia/Jakarta] SQLSTATE[08006] [7] FATAL:  password authentication failed for user "postgres"
FATAL:  password authentication failed for user "postgres"
[01-Mar-2023 12:08:09 Asia/Jakarta] SQLSTATE[08006] [7] FATAL:  password authentication failed for user "postgres"
FATAL:  password authentication failed for user "postgres"
[01-Mar-2023 12:08:23 Asia/Jakarta] SQLSTATE[08006] [7] FATAL:  password authentication failed for user "postgres"
FATAL:  password authentication failed for user "postgres"
[01-Mar-2023 12:08:58 Asia/Jakarta] Call to a member function modify() on bool
[01-Mar-2023 13:22:29 Asia/Jakarta] Call to a member function getTimestamp() on bool
[01-Mar-2023 13:22:42 Asia/Jakarta] Call to a member function getTimestamp() on bool
[01-Mar-2023 13:29:05 Asia/Jakarta] Call to a member function modify() on bool
[01-Mar-2023 14:26:29 Asia/Jakarta] Call to a member function modify() on bool
[07-Mar-2023 15:04:48 Asia/Jakarta] PHP Fatal error:  require(): Failed opening required 'templates/t_report_detail.php' (include_path='C:\xampp\php\PEAR') in C:\xampp\htdocs\aiia_prod_report\prd\controllers\c_reporting.php on line 194
[07-Mar-2023 15:05:04 Asia/Jakarta] PHP Fatal error:  require(): Failed opening required 'templates/t_report_detail.php' (include_path='C:\xampp\php\PEAR') in C:\xampp\htdocs\aiia_prod_report\prd\controllers\c_reporting.php on line 194
[07-Mar-2023 19:28:10 Asia/Jakarta] ERROR:  invalid input syntax for integer: ""
LINE 1: ...) - '0', stk6k = coalesce(stk6k,0) - '0' WHERE dies_id = '' 
                                                                    ^ SQL Trace :UPDATE m_dm_dies_asset SET stktot = coalesce(stktot,0) - '0', stkrun = coalesce(stkrun,0) - '0', stk2k = coalesce(stk2k,0) - '0', stk6k = coalesce(stk6k,0) - '0' WHERE dies_id = '' 
[07-Mar-2023 19:28:22 Asia/Jakarta] ERROR:  invalid input syntax for integer: ""
LINE 1: ...) - '0', stk6k = coalesce(stk6k,0) - '0' WHERE dies_id = '' 
                                                                    ^ SQL Trace :UPDATE m_dm_dies_asset SET stktot = coalesce(stktot,0) - '0', stkrun = coalesce(stkrun,0) - '0', stk2k = coalesce(stk2k,0) - '0', stk6k = coalesce(stk6k,0) - '0' WHERE dies_id = '' 
[07-Mar-2023 19:37:08 Asia/Jakarta] ERROR:  invalid input syntax for integer: ""
LINE 1: ...,0) - '', stk6k = coalesce(stk6k,0) - '' WHERE dies_id = '' 
                                                                    ^ SQL Trace :UPDATE m_dm_dies_asset SET stktot = coalesce(stktot,0) - '', stkrun = coalesce(stkrun,0) - '', stk2k = coalesce(stk2k,0) - '', stk6k = coalesce(stk6k,0) - '' WHERE dies_id = '' 
[05-Apr-2023 16:46:35 Asia/Jakarta] SQLSTATE[08006] [7] could not connect to server: Connection refused (0x0000274D/10061)
	Is the server running on host "localhost" (::1) and accepting
	TCP/IP connections on port 5432?
could not connect to server: Connection refused (0x0000274D/10061)
	Is the server running on host "localhost" (127.0.0.1) and accepting
	TCP/IP connections on port 5432?
[14-Apr-2023 08:48:28 Asia/Jakarta] ERROR:  syntax error at end of input
LINE 1: ...id, prd_dt, shift, prd_seq, empid, app_id, stop_seq) VALUES 
                                                                       ^
[14-Apr-2023 08:48:29 Asia/Jakarta] ERROR:  syntax error at end of input
LINE 1: ...id, prd_dt, shift, prd_seq, empid, app_id, stop_seq) VALUES 
                                                                       ^
[14-Apr-2023 08:48:30 Asia/Jakarta] ERROR:  syntax error at end of input
LINE 1: ...id, prd_dt, shift, prd_seq, empid, app_id, stop_seq) VALUES 
                                                                       ^
[14-Apr-2023 08:48:30 Asia/Jakarta] ERROR:  syntax error at end of input
LINE 1: ...id, prd_dt, shift, prd_seq, empid, app_id, stop_seq) VALUES 
                                                                       ^
[14-Apr-2023 08:48:31 Asia/Jakarta] ERROR:  syntax error at end of input
LINE 1: ...id, prd_dt, shift, prd_seq, empid, app_id, stop_seq) VALUES 
                                                                       ^
[14-Apr-2023 08:48:31 Asia/Jakarta] ERROR:  syntax error at end of input
LINE 1: ...id, prd_dt, shift, prd_seq, empid, app_id, stop_seq) VALUES 
                                                                       ^
[14-Apr-2023 08:56:57 Asia/Jakarta] ERROR:  syntax error at end of input
LINE 1: ...id, prd_dt, shift, prd_seq, empid, app_id, stop_seq) VALUES 
                                                                       ^
[19-Apr-2023 13:31:37 Asia/Jakarta] ERROR:  syntax error at end of input
LINE 1: ...id, prd_dt, shift, prd_seq, empid, app_id, stop_seq) VALUES 
                                                                       ^
[19-Apr-2023 13:31:38 Asia/Jakarta] ERROR:  syntax error at end of input
LINE 1: ...id, prd_dt, shift, prd_seq, empid, app_id, stop_seq) VALUES 
                                                                       ^
[19-Apr-2023 13:31:40 Asia/Jakarta] ERROR:  syntax error at end of input
LINE 1: ...id, prd_dt, shift, prd_seq, empid, app_id, stop_seq) VALUES 
                                                                       ^
[19-Apr-2023 13:31:42 Asia/Jakarta] ERROR:  syntax error at end of input
LINE 1: ...id, prd_dt, shift, prd_seq, empid, app_id, stop_seq) VALUES 
                                                                       ^
[19-Apr-2023 13:31:45 Asia/Jakarta] ERROR:  syntax error at end of input
LINE 1: ...id, prd_dt, shift, prd_seq, empid, app_id, stop_seq) VALUES 
                                                                       ^
[19-Apr-2023 13:46:41 Asia/Jakarta] ERROR:  syntax error at end of input
LINE 1: ...id, prd_dt, shift, prd_seq, empid, app_id, stop_seq) VALUES 
                                                                       ^
[19-Apr-2023 13:46:42 Asia/Jakarta] ERROR:  syntax error at end of input
LINE 1: ...id, prd_dt, shift, prd_seq, empid, app_id, stop_seq) VALUES 
                                                                       ^
[19-Apr-2023 13:46:44 Asia/Jakarta] ERROR:  syntax error at end of input
LINE 1: ...id, prd_dt, shift, prd_seq, empid, app_id, stop_seq) VALUES 
                                                                       ^
[19-Apr-2023 13:46:45 Asia/Jakarta] ERROR:  syntax error at end of input
LINE 1: ...id, prd_dt, shift, prd_seq, empid, app_id, stop_seq) VALUES 
                                                                       ^
[19-Apr-2023 13:46:46 Asia/Jakarta] ERROR:  syntax error at end of input
LINE 1: ...id, prd_dt, shift, prd_seq, empid, app_id, stop_seq) VALUES 
                                                                       ^
[19-Apr-2023 14:07:57 Asia/Jakarta] Call to undefined function var_dum()
[19-Apr-2023 20:06:17 Asia/Jakarta] ERROR:  inconsistent types deduced for parameter $1
LINE 1: ...e_start,time_end,cctime,pln_qty,prd_time) values ($1,$2,$3,(...
                                                             ^
DETAIL:  text versus character varying
[19-Apr-2023 20:18:52 Asia/Jakarta] ERROR:  inconsistent types deduced for parameter $1
LINE 1: ...e_start,time_end,cctime,pln_qty,prd_time) values ($1,$2,$3,(...
                                                             ^
DETAIL:  text versus character varying
[19-Apr-2023 20:24:12 Asia/Jakarta] ERROR:  syntax error at or near "4254"
LINE 1: 4254
        ^
[19-Apr-2023 20:25:44 Asia/Jakarta] ERROR:  syntax error at or near "4234"
LINE 1: 4234
        ^
[19-Apr-2023 20:27:12 Asia/Jakarta] ERROR:  syntax error at or near "4233"
LINE 1: 4233
        ^
[19-Apr-2023 20:31:18 Asia/Jakarta] ERROR:  syntax error at end of input
LINE 1: ...id, prd_dt, shift, prd_seq, empid, app_id, stop_seq) VALUES 
                                                                       ^
[19-Apr-2023 20:31:19 Asia/Jakarta] ERROR:  syntax error at end of input
LINE 1: ...id, prd_dt, shift, prd_seq, empid, app_id, stop_seq) VALUES 
                                                                       ^
[19-Apr-2023 20:31:21 Asia/Jakarta] ERROR:  syntax error at end of input
LINE 1: ...id, prd_dt, shift, prd_seq, empid, app_id, stop_seq) VALUES 
                                                                       ^
[19-Apr-2023 20:31:22 Asia/Jakarta] ERROR:  syntax error at end of input
LINE 1: ...id, prd_dt, shift, prd_seq, empid, app_id, stop_seq) VALUES 
                                                                       ^
[19-Apr-2023 20:31:23 Asia/Jakarta] ERROR:  syntax error at end of input
LINE 1: ...id, prd_dt, shift, prd_seq, empid, app_id, stop_seq) VALUES 
                                                                       ^
[05-May-2023 14:26:25 Asia/Jakarta] SQLSTATE[08006] [7] FATAL:  database "db_aisin_main2" does not exist
[05-May-2023 14:29:10 Asia/Jakarta] ERROR:  syntax error at end of input
LINE 1: ...id, prd_dt, shift, prd_seq, empid, app_id, stop_seq) VALUES 
                                                                       ^
[05-May-2023 14:29:10 Asia/Jakarta] ERROR:  syntax error at end of input
LINE 1: ...id, prd_dt, shift, prd_seq, empid, app_id, stop_seq) VALUES 
                                                                       ^
[05-May-2023 14:29:11 Asia/Jakarta] ERROR:  syntax error at end of input
LINE 1: ...id, prd_dt, shift, prd_seq, empid, app_id, stop_seq) VALUES 
                                                                       ^
[05-May-2023 14:29:13 Asia/Jakarta] ERROR:  syntax error at end of input
LINE 1: ...id, prd_dt, shift, prd_seq, empid, app_id, stop_seq) VALUES 
                                                                       ^
[05-May-2023 14:29:13 Asia/Jakarta] ERROR:  syntax error at end of input
LINE 1: ...id, prd_dt, shift, prd_seq, empid, app_id, stop_seq) VALUES 
                                                                       ^
[05-May-2023 14:29:14 Asia/Jakarta] ERROR:  syntax error at end of input
LINE 1: ...id, prd_dt, shift, prd_seq, empid, app_id, stop_seq) VALUES 
                                                                       ^
[14-Jul-2023 09:43:21 Asia/Jakarta] SQLSTATE[08006] [7] FATAL:  password authentication failed for user "postgres"
[17-Jul-2023 18:10:19 Asia/Jakarta] SQLSTATE[22012]: Division by zero: 7 ERROR:  division by zero
[18-Jul-2023 10:04:08 Asia/Jakarta] implode(): Argument #1 ($pieces) must be of type array, string given
[18-Jul-2023 10:12:15 Asia/Jakarta] SQLSTATE[42601]: Syntax error: 7 ERROR:  syntax error at end of input
LINE 1: ...id, prd_dt, shift, prd_seq, empid, app_id, stop_seq) VALUES 
                                                                       ^
[18-Jul-2023 10:13:18 Asia/Jakarta] SQLSTATE[42601]: Syntax error: 7 ERROR:  syntax error at end of input
LINE 1: ...id, prd_dt, shift, prd_seq, empid, app_id, stop_seq) VALUES 
                                                                       ^
[03-Aug-2023 16:38:49 Asia/Jakarta] ERROR:  syntax error at end of input
LINE 1: ...id, prd_dt, shift, prd_seq, empid, app_id, stop_seq) VALUES 
                                                                       ^
[03-Aug-2023 16:38:50 Asia/Jakarta] ERROR:  syntax error at end of input
LINE 1: ...id, prd_dt, shift, prd_seq, empid, app_id, stop_seq) VALUES 
                                                                       ^
[03-Aug-2023 16:38:50 Asia/Jakarta] ERROR:  syntax error at end of input
LINE 1: ...id, prd_dt, shift, prd_seq, empid, app_id, stop_seq) VALUES 
                                                                       ^
[03-Aug-2023 16:38:51 Asia/Jakarta] ERROR:  syntax error at end of input
LINE 1: ...id, prd_dt, shift, prd_seq, empid, app_id, stop_seq) VALUES 
                                                                       ^
[03-Aug-2023 16:38:51 Asia/Jakarta] ERROR:  syntax error at end of input
LINE 1: ...id, prd_dt, shift, prd_seq, empid, app_id, stop_seq) VALUES 
                                                                       ^
[03-Aug-2023 16:38:52 Asia/Jakarta] ERROR:  syntax error at end of input
LINE 1: ...id, prd_dt, shift, prd_seq, empid, app_id, stop_seq) VALUES 
                                                                       ^
[04-Aug-2023 16:54:09 Asia/Jakarta] SQLSTATE[08006] [7] timeout expired
[04-Aug-2023 16:55:58 Asia/Jakarta] SQLSTATE[08006] [7] could not connect to server: Connection timed out (0x0000274C/10060)
	Is the server running on host "5.181.217.2" and accepting
	TCP/IP connections on port 5432?
[04-Aug-2023 17:00:33 Asia/Jakarta] SQLSTATE[08006] [7] timeout expired
[04-Aug-2023 17:01:22 Asia/Jakarta] SQLSTATE[08006] [7] timeout expired
[04-Aug-2023 17:02:28 Asia/Jakarta] SQLSTATE[08006] [7] timeout expired
[04-Aug-2023 17:02:58 Asia/Jakarta] SQLSTATE[08006] [7] timeout expired
[04-Aug-2023 17:03:28 Asia/Jakarta] SQLSTATE[08006] [7] timeout expired
[04-Aug-2023 17:03:49 Asia/Jakarta] SQLSTATE[08006] [7] could not connect to server: Connection timed out (0x0000274C/10060)
	Is the server running on host "5.181.217.2" and accepting
	TCP/IP connections on port 5432?
[04-Aug-2023 17:04:19 Asia/Jakarta] SQLSTATE[08006] [7] timeout expired
[04-Aug-2023 17:04:49 Asia/Jakarta] SQLSTATE[08006] [7] timeout expired
[07-Aug-2023 10:33:46 Asia/Jakarta] ERROR:  duplicate key value violates unique constraint "model_pkey"
DETAIL:  Key (model_id, group_id)=(D98E, TCC) already exists.
[07-Aug-2023 10:41:27 Asia/Jakarta] ERROR:  duplicate key value violates unique constraint "model_pkey"
DETAIL:  Key (model_id, group_id)=(889F, OPN) already exists.
[07-Aug-2023 12:15:41 Asia/Jakarta] ERROR:  syntax error at end of input
LINE 1: ...id, prd_dt, shift, prd_seq, empid, app_id, stop_seq) VALUES 
                                                                       ^
[07-Aug-2023 12:15:42 Asia/Jakarta] ERROR:  syntax error at end of input
LINE 1: ...id, prd_dt, shift, prd_seq, empid, app_id, stop_seq) VALUES 
                                                                       ^
[07-Aug-2023 12:15:43 Asia/Jakarta] ERROR:  syntax error at end of input
LINE 1: ...id, prd_dt, shift, prd_seq, empid, app_id, stop_seq) VALUES 
                                                                       ^
[07-Aug-2023 12:15:43 Asia/Jakarta] ERROR:  syntax error at end of input
LINE 1: ...id, prd_dt, shift, prd_seq, empid, app_id, stop_seq) VALUES 
                                                                       ^
[07-Aug-2023 12:15:44 Asia/Jakarta] ERROR:  syntax error at end of input
LINE 1: ...id, prd_dt, shift, prd_seq, empid, app_id, stop_seq) VALUES 
                                                                       ^
[07-Aug-2023 12:15:44 Asia/Jakarta] ERROR:  syntax error at end of input
LINE 1: ...id, prd_dt, shift, prd_seq, empid, app_id, stop_seq) VALUES 
                                                                       ^
[07-Aug-2023 13:41:08 Asia/Jakarta] ERROR:  syntax error at end of input
LINE 1: ...id, prd_dt, shift, prd_seq, empid, app_id, stop_seq) VALUES 
                                                                       ^
[07-Aug-2023 13:41:08 Asia/Jakarta] ERROR:  syntax error at end of input
LINE 1: ...id, prd_dt, shift, prd_seq, empid, app_id, stop_seq) VALUES 
                                                                       ^
[07-Aug-2023 13:41:09 Asia/Jakarta] ERROR:  syntax error at end of input
LINE 1: ...id, prd_dt, shift, prd_seq, empid, app_id, stop_seq) VALUES 
                                                                       ^
[07-Aug-2023 13:41:10 Asia/Jakarta] ERROR:  syntax error at end of input
LINE 1: ...id, prd_dt, shift, prd_seq, empid, app_id, stop_seq) VALUES 
                                                                       ^
[07-Aug-2023 13:41:10 Asia/Jakarta] ERROR:  syntax error at end of input
LINE 1: ...id, prd_dt, shift, prd_seq, empid, app_id, stop_seq) VALUES 
                                                                       ^
[07-Aug-2023 13:41:11 Asia/Jakarta] ERROR:  syntax error at end of input
LINE 1: ...id, prd_dt, shift, prd_seq, empid, app_id, stop_seq) VALUES 
                                                                       ^
[07-Aug-2023 14:04:35 Asia/Jakarta] ERROR:  syntax error at end of input
LINE 1: ...id, prd_dt, shift, prd_seq, empid, app_id, stop_seq) VALUES 
                                                                       ^
[07-Aug-2023 14:04:36 Asia/Jakarta] ERROR:  syntax error at end of input
LINE 1: ...id, prd_dt, shift, prd_seq, empid, app_id, stop_seq) VALUES 
                                                                       ^
[07-Aug-2023 14:04:36 Asia/Jakarta] ERROR:  syntax error at end of input
LINE 1: ...id, prd_dt, shift, prd_seq, empid, app_id, stop_seq) VALUES 
                                                                       ^
[07-Aug-2023 14:04:37 Asia/Jakarta] ERROR:  syntax error at end of input
LINE 1: ...id, prd_dt, shift, prd_seq, empid, app_id, stop_seq) VALUES 
                                                                       ^
[07-Aug-2023 14:04:38 Asia/Jakarta] ERROR:  syntax error at end of input
LINE 1: ...id, prd_dt, shift, prd_seq, empid, app_id, stop_seq) VALUES 
                                                                       ^
[07-Aug-2023 14:04:39 Asia/Jakarta] ERROR:  syntax error at end of input
LINE 1: ...id, prd_dt, shift, prd_seq, empid, app_id, stop_seq) VALUES 
                                                                       ^
[10-Aug-2023 16:51:50 Asia/Jakarta] ERROR:  syntax error at or near "'2'"
LINE 1: ...m_ng_pos set group_id = 'OPN', model_id = 'D13E', '2', 'Oil ...
                                                             ^
[10-Aug-2023 16:53:08 Asia/Jakarta] ERROR:  syntax error at or near "'2'"
LINE 1: ...m_ng_pos set group_id = 'OPN', model_id = 'D13E', '2', 'Oil ...
                                                             ^
[10-Aug-2023 16:57:31 Asia/Jakarta] ERROR:  duplicate key value violates unique constraint "m_ng_pos_pkey"
DETAIL:  Key (group_id, model_id)=(OPN, D13E) already exists.
[10-Aug-2023 16:58:18 Asia/Jakarta] ERROR:  relation "m_param" does not exist
LINE 1: SELECT pval4                   FROM m_param WHERE pid = 'SHI...
                                            ^
QUERY:  SELECT pval4                   FROM m_param WHERE pid = 'SHIFT' AND seq = new.shift
CONTEXT:  PL/pgSQL function mach.f_check_shift_production() line 7 at SQL statement
[10-Aug-2023 20:44:24 Asia/Jakarta] SQLSTATE[08006] [7] timeout expired
[10-Aug-2023 20:58:27 Asia/Jakarta] ERROR:  syntax error at end of input
LINE 1: ...id, prd_dt, shift, prd_seq, empid, app_id, stop_seq) VALUES 
                                                                       ^
[10-Aug-2023 20:58:28 Asia/Jakarta] ERROR:  syntax error at end of input
LINE 1: ...id, prd_dt, shift, prd_seq, empid, app_id, stop_seq) VALUES 
                                                                       ^
[10-Aug-2023 20:58:30 Asia/Jakarta] ERROR:  syntax error at end of input
LINE 1: ...id, prd_dt, shift, prd_seq, empid, app_id, stop_seq) VALUES 
                                                                       ^
[10-Aug-2023 20:58:31 Asia/Jakarta] ERROR:  syntax error at end of input
LINE 1: ...id, prd_dt, shift, prd_seq, empid, app_id, stop_seq) VALUES 
                                                                       ^
[10-Aug-2023 20:58:32 Asia/Jakarta] ERROR:  syntax error at end of input
LINE 1: ...id, prd_dt, shift, prd_seq, empid, app_id, stop_seq) VALUES 
                                                                       ^
[10-Aug-2023 20:58:34 Asia/Jakarta] ERROR:  syntax error at end of input
LINE 1: ...id, prd_dt, shift, prd_seq, empid, app_id, stop_seq) VALUES 
                                                                       ^
[10-Aug-2023 21:25:58 Asia/Jakarta] ERROR:  syntax error at end of input
LINE 1: ...id, prd_dt, shift, prd_seq, empid, app_id, stop_seq) VALUES 
                                                                       ^
[10-Aug-2023 21:25:59 Asia/Jakarta] ERROR:  syntax error at end of input
LINE 1: ...id, prd_dt, shift, prd_seq, empid, app_id, stop_seq) VALUES 
                                                                       ^
[10-Aug-2023 21:26:01 Asia/Jakarta] ERROR:  syntax error at end of input
LINE 1: ...id, prd_dt, shift, prd_seq, empid, app_id, stop_seq) VALUES 
                                                                       ^
[10-Aug-2023 21:26:02 Asia/Jakarta] ERROR:  syntax error at end of input
LINE 1: ...id, prd_dt, shift, prd_seq, empid, app_id, stop_seq) VALUES 
                                                                       ^
[10-Aug-2023 21:26:04 Asia/Jakarta] ERROR:  syntax error at end of input
LINE 1: ...id, prd_dt, shift, prd_seq, empid, app_id, stop_seq) VALUES 
                                                                       ^
[10-Aug-2023 21:26:05 Asia/Jakarta] ERROR:  syntax error at end of input
LINE 1: ...id, prd_dt, shift, prd_seq, empid, app_id, stop_seq) VALUES 
                                                                       ^
[10-Aug-2023 21:58:50 Asia/Jakarta] SQLSTATE[08006] [7] could not connect to server: No route to host (0x00002751/10065)
	Is the server running on host "5.181.217.2" and accepting
	TCP/IP connections on port 5432?
[10-Aug-2023 22:01:31 Asia/Jakarta] SQLSTATE[08006] [7] timeout expired
[10-Aug-2023 22:02:07 Asia/Jakarta] SQLSTATE[08006] [7] timeout expired
[10-Aug-2023 22:03:38 Asia/Jakarta] SQLSTATE[08006] [7] could not connect to server: Connection timed out (0x0000274C/10060)
	Is the server running on host "5.181.217.2" and accepting
	TCP/IP connections on port 5432?
